<?xml version="1.0" encoding="UTF-8"?>
<!-- Generated by org.testng.reporters.JUnitXMLReporter -->
<testsuite hostname="Chongs-Air" ignored="0" name="Default test" tests="15" failures="0" timestamp="25 Mar 2025 00:07:59 GMT" time="0.28" errors="0">
  <testcase name="testSevenCharacterPostalCode" time="0.026" classname="com.users.validator.validation.AddressValidatorTest"/>
  <testcase name="testMoreThanSevenCharacterPostalCode" time="0.012" classname="com.users.validator.validation.AddressValidatorTest"/>
  <testcase name="testNotStartWCharacterPostalCode" time="0.016" classname="com.users.validator.validation.AddressValidatorTest"/>
  <testcase name="testNotStartZCharacterPostalCode" time="0.001" classname="com.users.validator.validation.AddressValidatorTest"/>
  <testcase name="testNotIncludeDCharacterPostalCode" time="0.012" classname="com.users.validator.validation.AddressValidatorTest"/>
  <testcase name="testNotIncludeFCharacterPostalCode" time="0.005" classname="com.users.validator.validation.AddressValidatorTest"/>
  <testcase name="testNotIncludeICharacterPostalCode" time="0.008" classname="com.users.validator.validation.AddressValidatorTest"/>
  <testcase name="testNotIncludeOCharacterPostalCode" time="0.009" classname="com.users.validator.validation.AddressValidatorTest"/>
  <testcase name="testNotIncludeQCharacterPostalCode" time="0.004" classname="com.users.validator.validation.AddressValidatorTest"/>
  <testcase name="testNotIncludeUCharacterPostalCode" time="0.003" classname="com.users.validator.validation.AddressValidatorTest"/>
  <testcase name="testSpaceFirstSecondPostalCode" time="0.011" classname="com.users.validator.validation.AddressValidatorTest"/>
  <testcase name="testSpaceSecondThirdPostalCode" time="0.007" classname="com.users.validator.validation.AddressValidatorTest"/>
  <testcase name="testSpaceFifthSixthPostalCode" time="0.002" classname="com.users.validator.validation.AddressValidatorTest"/>
  <testcase name="testSpaceFourthFifthPostalCode" time="0.002" classname="com.users.validator.validation.AddressValidatorTest"/>
  <testcase name="testVancouverPostalCode" time="0.009" classname="com.users.validator.validation.AddressValidatorTest"/>
</testsuite> <!-- Default test -->
